<?xml version="1.0" encoding="UTF-8"?>
<!-- Generated by org.testng.reporters.JUnitReportReporter -->
<testsuite skipped="0" hostname="DESKTOP-PN0RVR2" name="sel1.ExcelExample2" tests="6" failures="0" timestamp="2021-06-28T16:20:17 IST" time="21.482" errors="0">
  <testcase name="verifyInvalidLogin" time="2.840" classname="sel1.ExcelExample2"/>
  <system-out/>
  <testcase name="verifyInvalidLogin" time="2.884" classname="sel1.ExcelExample2"/>
  <system-out/>
  <testcase name="verifyInvalidLogin" time="2.816" classname="sel1.ExcelExample2"/>
  <system-out/>
  <testcase name="verifyInvalidLogin" time="6.892" classname="sel1.ExcelExample2"/>
  <system-out/>
  <testcase name="verifyInvalidLogin" time="3.083" classname="sel1.ExcelExample2"/>
  <system-out/>
  <testcase name="verifyInvalidLogin" time="2.967" classname="sel1.ExcelExample2"/>
  <system-out/>
</testsuite> <!-- sel1.ExcelExample2 -->
