<?xml version="1.0" encoding="UTF-8"?>
<!-- Generated by org.testng.reporters.JUnitReportReporter -->
<testsuite skipped="0" hostname="DESKTOP-PN0RVR2" name="sel1.CrossBrowser" tests="2" failures="0" timestamp="2021-06-28T13:01:37 IST" time="52.049" errors="0">
  <testcase name="demo1" time="24.391" classname="sel1.CrossBrowser"/>
  <system-out/>
  <testcase name="demo1" time="27.658" classname="sel1.CrossBrowser"/>
  <system-out/>
</testsuite> <!-- sel1.CrossBrowser -->
