<?xml version="1.0" encoding="UTF-8"?>
<!-- Generated by org.testng.reporters.JUnitReportReporter -->
<testsuite skipped="0" hostname="DESKTOP-PN0RVR2" name="sel1.DependsTestNG" tests="5" failures="0" timestamp="2021-06-28T12:39:51 IST" time="0.023" errors="0">
  <testcase name="viewAccount2" time="0.002" classname="sel1.DependsTestNG"/>
  <system-out/>
  <testcase name="logout" time="0.002" classname="sel1.DependsTestNG"/>
  <system-out/>
  <testcase name="login" time="0.010" classname="sel1.DependsTestNG"/>
  <system-out/>
  <testcase name="OpenBrowser" time="0.008" classname="sel1.DependsTestNG"/>
  <system-out/>
  <testcase name="viewAccount" time="0.001" classname="sel1.DependsTestNG"/>
  <system-out/>
</testsuite> <!-- sel1.DependsTestNG -->
