<?xml version="1.0" encoding="UTF-8"?>
<!-- Generated by org.testng.reporters.JUnitReportReporter -->
<testsuite skipped="0" hostname="DESKTOP-PN0RVR2" name="sel1.DependsTest" tests="3" failures="0" timestamp="2021-06-28T12:34:05 IST" time="0.016" errors="0">
  <testcase name="signIn" time="0.001" classname="sel1.DependsTest"/>
  <system-out/>
  <testcase name="OpenBrowser" time="0.012" classname="sel1.DependsTest"/>
  <system-out/>
  <testcase name="logout" time="0.003" classname="sel1.DependsTest"/>
  <system-out/>
</testsuite> <!-- sel1.DependsTest -->
