<?xml version="1.0" encoding="UTF-8"?>
<!-- Generated by org.testng.reporters.JUnitReportReporter -->
<testsuite skipped="0" hostname="DESKTOP-PN0RVR2" name="sel1.ExpException" tests="1" failures="0" timestamp="2021-06-28T12:54:21 IST" time="0.012" errors="0">
  <testcase name="divideByZero" time="0.012" classname="sel1.ExpException"/>
  <system-out/>
</testsuite> <!-- sel1.ExpException -->
