<?xml version="1.0" encoding="UTF-8"?>
<!-- Generated by org.testng.reporters.JUnitReportReporter -->
<testsuite skipped="0" hostname="DESKTOP-PN0RVR2" name="sel1.ExcelExample1" tests="6" failures="0" timestamp="2021-06-28T16:12:22 IST" time="25.996" errors="0">
  <testcase name="verifyInvalidLogin" time="10.180" classname="sel1.ExcelExample1"/>
  <system-out/>
  <testcase name="verifyInvalidLogin" time="3.349" classname="sel1.ExcelExample1"/>
  <system-out/>
  <testcase name="verifyInvalidLogin" time="3.407" classname="sel1.ExcelExample1"/>
  <system-out/>
  <testcase name="verifyInvalidLogin" time="2.839" classname="sel1.ExcelExample1"/>
  <system-out/>
  <testcase name="verifyInvalidLogin" time="3.137" classname="sel1.ExcelExample1"/>
  <system-out/>
  <testcase name="verifyInvalidLogin" time="3.084" classname="sel1.ExcelExample1"/>
  <system-out/>
</testsuite> <!-- sel1.ExcelExample1 -->
