<?xml version="1.0" encoding="UTF-8"?>
<!-- Generated by org.testng.reporters.JUnitReportReporter -->
<testsuite skipped="0" hostname="DESKTOP-PN0RVR2" name="sel1.ExcelExample3" tests="5" failures="0" timestamp="2021-06-28T17:25:22 IST" time="28.437" errors="0">
  <testcase name="verifyInvalidLogin" time="3.024" classname="sel1.ExcelExample3"/>
  <system-out/>
  <testcase name="verifyInvalidLogin" time="15.413" classname="sel1.ExcelExample3"/>
  <system-out/>
  <testcase name="verifyInvalidLogin" time="2.606" classname="sel1.ExcelExample3"/>
  <system-out/>
  <testcase name="verifyInvalidLogin" time="3.150" classname="sel1.ExcelExample3"/>
  <system-out/>
  <testcase name="verifyInvalidLogin" time="4.244" classname="sel1.ExcelExample3"/>
  <system-out/>
</testsuite> <!-- sel1.ExcelExample3 -->
