<?xml version="1.0" encoding="UTF-8"?>
<!-- Generated by org.testng.reporters.JUnitReportReporter -->
<testsuite skipped="0" hostname="DESKTOP-PN0RVR2" name="sel1.AssertionExample" tests="1" failures="0" timestamp="2021-06-25T17:06:18 IST" time="17.069" errors="0">
  <testcase name="assertPass" time="17.069" classname="sel1.AssertionExample"/>
  <system-out/>
</testsuite> <!-- sel1.AssertionExample -->
